<?xml version="1.0" encoding="UTF-8"?>
<!-- Generated by org.testng.reporters.JUnitXMLReporter -->
<testsuite hostname="DESKTOP-AJFIL4Q" ignored="0" name="Test" tests="3" failures="3" timestamp="2022-06-21T13:45:32 IST" time="50.098" errors="0">
  <testcase name="fillInfo" time="34.348" classname="testClasses.RegistrationTest">
    <failure type="java.lang.AssertionError" message="expected [MERALDA || HOME] but found [Meralda || Register]">
      <![CDATA[java.lang.AssertionError: expected [MERALDA || HOME] but found [Meralda || Register]
at testClasses.RegistrationTest.fillInfo(RegistrationTest.java:73)
at java.util.ArrayList.forEach(Unknown Source)
... Removed 32 stack frames]]>
    </failure>
  </testcase> <!-- fillInfo -->
  <testcase name="fillInfo" time="3.33" classname="testClasses.RegistrationTest">
    <failure type="java.lang.AssertionError" message="expected [MERALDA || HOME] but found [Meralda || Register]">
      <![CDATA[java.lang.AssertionError: expected [MERALDA || HOME] but found [Meralda || Register]
at testClasses.RegistrationTest.fillInfo(RegistrationTest.java:73)
at java.util.ArrayList.forEach(Unknown Source)
... Removed 32 stack frames]]>
    </failure>
  </testcase> <!-- fillInfo -->
  <testcase name="fillInfo" time="5.438" classname="testClasses.RegistrationTest">
    <failure type="java.lang.AssertionError" message="expected [MERALDA || HOME] but found [Meralda || Register]">
      <![CDATA[java.lang.AssertionError: expected [MERALDA || HOME] but found [Meralda || Register]
at testClasses.RegistrationTest.fillInfo(RegistrationTest.java:73)
at java.util.ArrayList.forEach(Unknown Source)
... Removed 32 stack frames]]>
    </failure>
  </testcase> <!-- fillInfo -->
</testsuite> <!-- Test -->
