<?xml version="1.0" encoding="UTF-8"?>
<!-- Generated by org.testng.reporters.JUnitXMLReporter -->
<testsuite hostname="DESKTOP-AJFIL4Q" ignored="0" name="Test1" tests="4" failures="1" timestamp="2022-06-21T13:47:22 IST" time="110.111" errors="0">
  <testcase name="openLoginPage" time="23.906" classname="testClasses.LoginTest"/>
  <testcase name="fillCredentials" time="70.808" classname="testClasses.LoginTest"/>
  <testcase name="fillCredentials" time="6.227" classname="testClasses.LoginTest">
    <failure type="java.lang.AssertionError" message="expected [MERALDA || HOME] but found [Meralda || Login]">
      <![CDATA[java.lang.AssertionError: expected [MERALDA || HOME] but found [Meralda || Login]
at testClasses.LoginTest.fillCredentials(LoginTest.java:84)
at java.util.ArrayList.forEach(Unknown Source)
... Removed 32 stack frames]]>
    </failure>
  </testcase> <!-- fillCredentials -->
  <testcase name="fillCredentials" time="4.089" classname="testClasses.LoginTest"/>
</testsuite> <!-- Test1 -->
