<?xml version="1.0" encoding="UTF-8"?>
<!-- Generated by org.testng.reporters.JUnitXMLReporter -->
<testsuite ignored="0" hostname="DESKTOP-AJFIL4Q" failures="3" tests="3" name="Test" time="65.529" errors="0" timestamp="2022-06-17T14:54:09 IST">
  <testcase classname="testClasses.RegistrationTest" name="fillInfo" time="21.491">
    <failure type="java.lang.AssertionError" message="expected [true] but found [false]">
      <![CDATA[java.lang.AssertionError: expected [true] but found [false]
at testClasses.RegistrationTest.fillInfo(RegistrationTest.java:68)
at java.base/java.util.ArrayList.forEach(ArrayList.java:1511)
... Removed 31 stack frames]]>
    </failure>
  </testcase> <!-- fillInfo -->
  <testcase classname="testClasses.RegistrationTest" name="fillInfo" time="6.869">
    <failure type="java.lang.AssertionError" message="expected [true] but found [false]">
      <![CDATA[java.lang.AssertionError: expected [true] but found [false]
at testClasses.RegistrationTest.fillInfo(RegistrationTest.java:68)
at java.base/java.util.ArrayList.forEach(ArrayList.java:1511)
... Removed 31 stack frames]]>
    </failure>
  </testcase> <!-- fillInfo -->
  <testcase classname="testClasses.RegistrationTest" name="fillInfo" time="28.95">
    <failure type="java.lang.AssertionError" message="expected [true] but found [false]">
      <![CDATA[java.lang.AssertionError: expected [true] but found [false]
at testClasses.RegistrationTest.fillInfo(RegistrationTest.java:68)
at java.base/java.util.ArrayList.forEach(ArrayList.java:1511)
... Removed 31 stack frames]]>
    </failure>
  </testcase> <!-- fillInfo -->
</testsuite> <!-- Test -->
