<?xml version="1.0" encoding="UTF-8"?>
<!-- Generated by org.testng.reporters.JUnitXMLReporter -->
<testsuite hostname="DESKTOP-AJFIL4Q" ignored="0" name="Test" tests="3" failures="3" timestamp="2022-06-17T16:25:56 IST" time="56.455" errors="0">
  <testcase name="fillInfo" time="23.785" classname="testClasses.RegistrationTest">
    <failure type="java.lang.AssertionError" message="expected [MERALDA || HOME] but found [Meralda || Register]">
      <![CDATA[java.lang.AssertionError: expected [MERALDA || HOME] but found [Meralda || Register]
at testClasses.RegistrationTest.fillInfo(RegistrationTest.java:69)
at java.util.ArrayList.forEach(ArrayList.java:1259)
... Removed 36 stack frames]]>
    </failure>
  </testcase> <!-- fillInfo -->
  <testcase name="fillInfo" time="6.134" classname="testClasses.RegistrationTest">
    <failure type="java.lang.AssertionError" message="expected [MERALDA || HOME] but found [Meralda || Register]">
      <![CDATA[java.lang.AssertionError: expected [MERALDA || HOME] but found [Meralda || Register]
at testClasses.RegistrationTest.fillInfo(RegistrationTest.java:69)
at java.util.ArrayList.forEach(ArrayList.java:1259)
... Removed 36 stack frames]]>
    </failure>
  </testcase> <!-- fillInfo -->
  <testcase name="fillInfo" time="12.205" classname="testClasses.RegistrationTest">
    <failure type="java.lang.AssertionError" message="expected [MERALDA || HOME] but found [Meralda || Register]">
      <![CDATA[java.lang.AssertionError: expected [MERALDA || HOME] but found [Meralda || Register]
at testClasses.RegistrationTest.fillInfo(RegistrationTest.java:69)
at java.util.ArrayList.forEach(ArrayList.java:1259)
... Removed 36 stack frames]]>
    </failure>
  </testcase> <!-- fillInfo -->
</testsuite> <!-- Test -->
