<?xml version="1.0" encoding="UTF-8"?>
<!-- Generated by org.testng.reporters.JUnitXMLReporter -->
<testsuite ignored="0" hostname="DESKTOP-AJFIL4Q" failures="1" tests="4" name="Test1" time="38.437" errors="0" timestamp="2022-06-21T13:30:13 IST">
  <testcase classname="testClasses.LoginTest" name="openLoginPage" time="12.898"/>
  <testcase classname="testClasses.LoginTest" name="fillCredentials" time="13.27"/>
  <testcase classname="testClasses.LoginTest" name="fillCredentials" time="4.272">
    <failure type="java.lang.AssertionError" message="expected [MERALDA || HOME] but found [Meralda || Login]">
      <![CDATA[java.lang.AssertionError: expected [MERALDA || HOME] but found [Meralda || Login]
at testClasses.LoginTest.fillCredentials(LoginTest.java:84)
at java.base/java.util.ArrayList.forEach(ArrayList.java:1511)
... Removed 36 stack frames]]>
    </failure>
  </testcase> <!-- fillCredentials -->
  <testcase classname="testClasses.LoginTest" name="fillCredentials" time="3.312"/>
</testsuite> <!-- Test1 -->
