<?xml version="1.0" encoding="UTF-8"?>
<!-- Generated by org.testng.reporters.JUnitXMLReporter -->
<testsuite hostname="DESKTOP-AJFIL4Q" ignored="0" name="Test" tests="3" failures="3" timestamp="2022-06-21T11:25:22 IST" time="44.611" errors="0">
  <testcase name="fillInfo" time="21.703" classname="testClasses.RegistrationTest">
    <failure type="java.lang.AssertionError" message="expected [MERALDA || HOME] but found [Meralda || Register]">
      <![CDATA[java.lang.AssertionError: expected [MERALDA || HOME] but found [Meralda || Register]
at testClasses.RegistrationTest.fillInfo(RegistrationTest.java:72)
at java.util.ArrayList.forEach(ArrayList.java:1259)
... Removed 36 stack frames]]>
    </failure>
  </testcase> <!-- fillInfo -->
  <testcase name="fillInfo" time="2.285" classname="testClasses.RegistrationTest">
    <failure type="java.lang.AssertionError" message="expected [MERALDA || HOME] but found [Meralda || Register]">
      <![CDATA[java.lang.AssertionError: expected [MERALDA || HOME] but found [Meralda || Register]
at testClasses.RegistrationTest.fillInfo(RegistrationTest.java:72)
at java.util.ArrayList.forEach(ArrayList.java:1259)
... Removed 36 stack frames]]>
    </failure>
  </testcase> <!-- fillInfo -->
  <testcase name="fillInfo" time="2.368" classname="testClasses.RegistrationTest">
    <failure type="java.lang.AssertionError" message="expected [MERALDA || HOME] but found [Meralda || Register]">
      <![CDATA[java.lang.AssertionError: expected [MERALDA || HOME] but found [Meralda || Register]
at testClasses.RegistrationTest.fillInfo(RegistrationTest.java:72)
at java.util.ArrayList.forEach(ArrayList.java:1259)
... Removed 36 stack frames]]>
    </failure>
  </testcase> <!-- fillInfo -->
</testsuite> <!-- Test -->
