<?xml version="1.0" encoding="UTF-8"?>
<!-- Generated by org.testng.reporters.JUnitXMLReporter -->
<testsuite hostname="DESKTOP-AJFIL4Q" ignored="0" name="Test1" tests="4" failures="1" timestamp="2022-06-17T16:27:16 IST" time="80.022" errors="0">
  <testcase name="openLoginPage" time="21.792" classname="testClasses.LoginTest"/>
  <testcase name="fillCredentials" time="16.7" classname="testClasses.LoginTest"/>
  <testcase name="fillCredentials" time="11.181" classname="testClasses.LoginTest">
    <failure type="java.lang.AssertionError" message="expected [MERALDA || HOME] but found [Meralda || Login]">
      <![CDATA[java.lang.AssertionError: expected [MERALDA || HOME] but found [Meralda || Login]
at testClasses.LoginTest.fillCredentials(LoginTest.java:73)
at java.util.ArrayList.forEach(ArrayList.java:1259)
... Removed 36 stack frames]]>
    </failure>
  </testcase> <!-- fillCredentials -->
  <testcase name="fillCredentials" time="10.594" classname="testClasses.LoginTest"/>
</testsuite> <!-- Test1 -->
