<?xml version="1.0" encoding="UTF-8"?>
<testsuite xmlns:xsi="http://www.w3.org/2001/XMLSchema-instance" xsi:noNamespaceSchemaLocation="https://maven.apache.org/surefire/maven-surefire-plugin/xsd/surefire-test-report.xsd" name="TestSuite" time="137.116" tests="7" errors="0" skipped="0" failures="4">
  <properties>
[...]
</properties>
  <testcase name="fillInfo" classname="testClasses.RegistrationTest" time="24.304">
    <failure message="expected [MERALDA || HOME] but found [Meralda || Register]" type="java.lang.AssertionError">java.lang.AssertionError: expected [MERALDA || HOME] but found [Meralda || Register]
	at testClasses.RegistrationTest.fillInfo(RegistrationTest.java:69)
</failure>
    <system-err><![CDATA[1655463300799	geckodriver	INFO	Listening on 127.0.0.1:22902
1655463301587	mozrunner::runner	INFO	Running command: "C:\\Program Files\\Mozilla Firefox\\firefox.exe" "--marionette" "-no-remote" "-profile" "C:\\Users\\kish\\AppData\\Local\\Temp\\rust_mozprofile3Bqwop"
1655463302041	Marionette	INFO	Marionette enabled
console.warn: SearchSettings: "get: No settings file exists, new profile?" (new NotFoundError("Could not open the file at C:\\Users\\kish\\AppData\\Local\\Temp\\rust_mozprofile3Bqwop\\search.json.mozlz4", (void 0)))
1655463304488	Marionette	INFO	Listening on port 49446
1655463304639	RemoteAgent	WARN	TLS certificate errors will be ignored for this session
Jun 17, 2022 4:25:04 PM org.openqa.selenium.remote.ProtocolHandshake createSession
INFO: Detected dialect: W3C
JavaScript error: https://meralda.scalenext.io/js/main.js, line 3: TypeError: $(...).niceNumber is not a function
console.warn: LoginRecipes: "getRecipes: falling back to a synchronous message for:" "https://meralda.scalenext.io"
console.warn: LoginRecipes: "getRecipes: falling back to a synchronous message for:" "https://meralda.scalenext.io"
JavaScript error: resource://gre/modules/LoginManagerParent.jsm, line 136: TypeError: gRecipeManager is null
console.warn: LoginRecipes: "getRecipes: falling back to a synchronous message for:" "https://meralda.scalenJext.iavaSo"cr
ipt error: resource://gre/modules/LoginManagerParent.jsm, line 136: TypeError: gRecipeManager is null
JavaScript error: https://meralda.scalenext.io/js/main.js, line 3: TypeError: $(...).niceNumber is not a function
]]></system-err>
  </testcase>
  <testcase name="fillInfo" classname="testClasses.RegistrationTest" time="6.293">
    <failure message="expected [MERALDA || HOME] but found [Meralda || Register]" type="java.lang.AssertionError">java.lang.AssertionError: expected [MERALDA || HOME] but found [Meralda || Register]
	at testClasses.RegistrationTest.fillInfo(RegistrationTest.java:69)
</failure>
    <system-err><![CDATA[JavaScript error: https://meralda.scalenext.io/js/main.js, line 3: TypeError: $(...).niceNumber is not a function
]]></system-err>
  </testcase>
  <testcase name="fillInfo" classname="testClasses.RegistrationTest" time="12.327">
    <failure message="expected [MERALDA || HOME] but found [Meralda || Register]" type="java.lang.AssertionError">java.lang.AssertionError: expected [MERALDA || HOME] but found [Meralda || Register]
	at testClasses.RegistrationTest.fillInfo(RegistrationTest.java:69)
</failure>
    <system-err><![CDATA[
###!!! [Child][PContentChild] Error: RunMessage(msgname=PContent::Msg_CreateBrowsingContext) Channel closing: too late to send/recv, messages will be lost


###!!! [Child][PContentChild] Error: RunMessage(msgname=PContent::Msg_CommitBrowsingContextTransaction) Channel closing: too late to send/recv, messages will be lost


###!!! [Child][PContentChild] Error: RunMessage(msgname=PContent::Msg_CommitBrowsingContextTransaction) Channel closing: too late to send/recv, messages will be lost


###!!! [Child][PContentChild] Error: RunMessage(msgname=PContent::Msg_CommitBrowsingContextTransaction) Channel closing: too late to send/recv, messages will be lost


###!!! [Child][PContentChild] Error: RunMessage(msgname=PContent::Msg_CommitBrowsingContextTransaction) Channel closing: too late to send/recv, messages will be lost


###!!! [Child][PContentChild] Error: RunMessage(msgname=PContent::Msg_CommitBrowsingContextTransaction) Channel closing: too late to send/recv, messages will be lost


###!!! [Child][PContentChild] Error: RunMessage(msgname=PContent::Msg_CreateWindowContext) Channel closing: too late to send/recv, messages will be lost


###!!! [Child][PContentChild] Error: RunMessage(msgname=PContent::Msg_CommitBrowsingContextTransaction) Channel closing: too late to send/recv, messages will be lost


###!!! [Child][PContentChild] Error: RunMessage(msgname=PContent::Msg_CommitWindowContextTransaction) Channel closing: too late to send/recv, messages will be lost


###!!! [Child][PContentChild] Error: RunMessage(msgname=PContent::Msg_CommitBrowsingContextTransaction) Channel closing: too late to send/recv, messages will be lost


###!!! [Child][PContentChild] Error: RunMessage(msgname=PContent::Msg_CreateBrowsingContext) Channel closing: too late to send/recv, messages will be lost


###!!! [Child][PContentChild] Error: RunMessage(msgname=PContent::Msg_CommitBrowsingContextTransaction) Channel closing: too late to send/recv, messages will be lost


###!!! [Child][PContentChild] Error: RunMessage(msgname=PContent::Msg_CommitBrowsingContextTransaction) Channel closing: too late to send/recv, messages will be lost


###!!! [Child][PContentChild] Error: RunMessage(msgname=PContent::Msg_CommitBrowsingContextTransaction) Channel closing: too late to send/recv, messages will be lost


###!!! [Child][PContentChild] Error: RunMessage(msgname=PContent::Msg_CommitBrowsingContextTransaction) Channel closing: too late to send/recv, messages will be lost


###!!! [Child][PContentChild] Error: RunMessage(msgname=PContent::Msg_CommitBrowsingContextTransaction) Channel closing: too late to send/recv, messages will be lost


###!!! [Child][PContentChild] Error: RunMessage(msgname=PContent::Msg_CreateWindowContext) Channel closing: too late to send/recv, messages will be lost


###!!! [Child][PContentChild] Error: RunMessage(msgname=PContent::Msg_CommitBrowsingContextTransaction) Channel closing: too late to send/recv, messages will be lost


###!!! [Child][PContentChild] Error: RunMessage(msgname=PContent::Msg_CommitWindowContextTransaction) Channel closing: too late to send/recv, messages will be lost


###!!! [Child][PContentChild] Error: RunMessage(msgname=PContent::Msg_CommitBrowsingContextTransaction) Channel closing: too late to send/recv, messages will be lost


###!!! [Child][PContentChild] Error: RunMessage(msgname=PContent::Msg_CreateBrowsingContext) Channel closing: too late to send/recv, messages will be lost


###!!! [Child][PContentChild] Error: RunMessage(msgname=PContent::Msg_CommitBrowsingContextTransaction) Channel closing: too late to send/recv, messages will be lost


###!!! [Child][PContentChild] Error: RunMessage(msgname=PContent::Msg_CommitBrowsingContextTransaction) Channel closing: too late to send/recv, messages will be lost


###!!! [Child][PContentChild] Error: RunMessage(msgname=PContent::Msg_CommitBrowsingContextTransaction) Channel closing: too late to send/recv, messages will be lost


###!!! [Child][PContentChild] Error: RunMessage(msgname=PContent::Msg_CommitBrowsingContextTransaction) Channel closing: too late to send/recv, messages will be lost


###!!! [Child][PContentChild] Error: RunMessage(msgname=PContent::Msg_CommitBrowsingContextTransaction) Channel closing: too late to send/recv, messages will be lost


###!!! [Child][PContentChild] Error: RunMessage(msgname=PContent::Msg_CreateWindowContext) Channel closing: too late to send/recv, messages will be lost


###!!! [Child][PContentChild] Error: RunMessage(msgname=PContent::Msg_CommitBrowsingContextTransaction) Channel closing: too late to send/recv, messages will be lost


###!!! [Child][PContentChild] Error: RunMessage(msgname=PContent::Msg_CommitWindowContextTransaction) Channel closing: too late to send/recv, messages will be lost


###!!! [Child][PContentChild] Error: RunMessage(msgname=PContent::Msg_CommitBrowsingContextTransaction) Channel closing: too late to send/recv, messages will be lost

JavaScript error: https://meralda.scalenext.io/js/main.js, line 3: TypeError: $(...).niceNumber is not a function
console.warn: LoginRecipes: "getRecipes: falling back to a synchronous message for:" "https://meralda.scalenext.io"
JavaScript error: resource://gre/modules/LoginManagerParent.jsm, line 136: TypeError: gRecipeManager is null
console.warn: LoginRecipes: "getRecipes: fallJavaScript error: resource://gre/modules/LoginManagerParent.jsm, line 136: TypeError: gRecipeManager is null
JavaScript error: resource://gre/modules/LoginManagerParent.jsm, line 136: TypeError: gRecipeManager is null
ing back to a synchronous message for:" "https://meralda.scalenext.io"
console.warn: LoginRecipes: "getRecipes: falling back to a synchronous message for:" "https://meralda.scalenext.io"
JavaScript error: https://meralda.scalenext.io/js/main.js, line 3: TypeError: $(...).niceNumber is not a function
]]></system-err>
  </testcase>
  <testcase name="openLoginPage" classname="testClasses.LoginTest" time="21.793"/>
  <testcase name="fillCredentials" classname="testClasses.LoginTest" time="16.697"/>
  <testcase name="fillCredentials" classname="testClasses.LoginTest" time="11.319">
    <failure message="expected [MERALDA || HOME] but found [Meralda || Login]" type="java.lang.AssertionError">java.lang.AssertionError: expected [MERALDA || HOME] but found [Meralda || Login]
	at testClasses.LoginTest.fillCredentials(LoginTest.java:73)
</failure>
    <system-err><![CDATA[JavaScript error: , line 0: uncaught exception: undefined
JavaScript error: https://meralda.scalenext.io/js/main.js, line 3: TypeError: $(...).niceNumber is not a function
console.warn: LoginRecipes: "getRecipes: falling back to a synchronous message for:" "https://meralda.scaJleneavaxt.io"Scr
ipt error: resource://gre/modules/LoginManagerParent.jsm, line 136: TypeError: gRecipeManager is null
console.warn: LoginRecipes: "getRecipes: falling back to a synchronous message for:" "https://meralda.scalenext.io"
JavaScript error: resource://gre/modules/LoginManagerParent.jsm, line 136: TypeError: gRecipeManager is null
console.warn: LoginRecipes: "getRecipes: falling back to a synchronous message for:" "https://meralda.scalenext.io"
JavaScript error: resource://gre/modules/LoginManagerParent.jsm, line 136: TypeError: gRecipeManager is null
JavaScript error: https://meralda.scalenext.io/js/main.js, line 3: TypeError: $(...).niceNumber is not a function
]]></system-err>
  </testcase>
  <testcase name="fillCredentials" classname="testClasses.LoginTest" time="10.596"/>
</testsuite>