<?xml version="1.0" encoding="UTF-8"?>
<testsuite xmlns:xsi="http://www.w3.org/2001/XMLSchema-instance" xsi:noNamespaceSchemaLocation="https://maven.apache.org/surefire/maven-surefire-plugin/xsd/surefire-test-report.xsd" name="TestSuite" time="86.354" tests="7" errors="0" skipped="0" failures="6">
  <properties>
[...]
</properties>
  <testcase name="fillInfo" classname="testClasses.RegistrationTest" time="21.86">
    <failure message="expected [MERALDA || HOME] but found [Meralda || Register]" type="java.lang.AssertionError">java.lang.AssertionError: expected [MERALDA || HOME] but found [Meralda || Register]
	at testClasses.RegistrationTest.fillInfo(RegistrationTest.java:72)
</failure>
    <system-err><![CDATA[1655790877954	geckodriver	INFO	Listening on 127.0.0.1:34458
1655790878678	mozrunner::runner	INFO	Running command: "C:\\Program Files\\Mozilla Firefox\\firefox.exe" "--marionette" "-no-remote" "-profile" "C:\\Windows\\TEMP\\rust_mozprofileGqE90R"
1655790879643	Marionette	INFO	Marionette enabled
[GFX1-]: RcANGLE(no compositor window)
[GFX1-]: Failed to connect WebRenderBridgeChild. isParent=true
[GFX1-]: Fallback WR to SW-WR + D3D11
[GFX1-]: [D3D11] create swap chain failed: 0x887a0022, 0
[GFX1-]: Failed to initialize CompositorD3D11 for SWGL: FEATURE_FAILURE_D3D11_SWAP_CHAIN
console.warn: SearchSettings: "get: No settings file exists, new profile?" (new NotFoundError("Could not open the file at C:\\Windows\\TEMP\\rust_mozprofileGqE90R\\search.json.mozlz4", (void 0)))
[GFX1-]: [D3D11] create swap chain failed: 0x887a0022, 0
[GFX1-]: Failed to initialize CompositorD3D11 for SWGL: FEATURE_FAILURE_D3D11_SWAP_CHAIN
1655790881834	Marionette	INFO	Listening on port 53084
1655790882063	RemoteAgent	WARN	TLS certificate errors will be ignored for this session
Jun 21, 2022 11:24:42 AM org.openqa.selenium.remote.ProtocolHandshake createSession
INFO: Detected dialect: W3C
JavaScript error: https://meralda.scalenext.io/js/main.js, line 3: TypeError: $(...).niceNumber is not a function
console.warn: LoginRecipes: "getRecipes: falling back to a synchronous message for:" "https://meralda.scalenext.io"
console.warn: LoginRecipes: "getRecipes: falling back to a synchronous message for:" "https://meralda.scalenext.io"
JavaScript error: resource://gre/modules/LoginManagerParent.jsm, line 136: TypeError: gRecipeManager is null
console.warn: LoginRecipes: "getRecipes: falling back to a synchronous message for:" "https://meralda.scalenext.io"
JavaScript error: resource://gre/modules/LoginManagerParent.jsm, line 136: TypeError: gRecipeManager is null
]]></system-err>
  </testcase>
  <testcase name="fillInfo" classname="testClasses.RegistrationTest" time="2.324">
    <failure message="expected [MERALDA || HOME] but found [Meralda || Register]" type="java.lang.AssertionError">java.lang.AssertionError: expected [MERALDA || HOME] but found [Meralda || Register]
	at testClasses.RegistrationTest.fillInfo(RegistrationTest.java:72)
</failure>
    <system-out><![CDATA[fillInfo
]]></system-out>
    <system-err><![CDATA[1655790904799	Marionette	WARN	Ignoring event 'DOMContentLoaded' because document has an invalid readyState of 'complete'.
JavaScript error: https://meralda.scalenext.io/js/main.js, line 3: TypeError: $(...).niceNumber is not a function
]]></system-err>
  </testcase>
  <testcase name="fillInfo" classname="testClasses.RegistrationTest" time="2.405">
    <failure message="expected [MERALDA || HOME] but found [Meralda || Register]" type="java.lang.AssertionError">java.lang.AssertionError: expected [MERALDA || HOME] but found [Meralda || Register]
	at testClasses.RegistrationTest.fillInfo(RegistrationTest.java:72)
</failure>
    <system-out><![CDATA[fillInfo
]]></system-out>
    <system-err><![CDATA[JavaScript error: https://meralda.scalenext.io/js/main.js, line 3: TypeError: $(...).niceNumber is not a function
console.warn: LoginRecipes: "getRecipes: falling back to a synchronous message for:" "https://meralda.scalenext.io"
JavaScript error: resource://gre/modules/LoginManagerParent.jsm, line 136: TypeError: gRecipeManager is null
console.warn: LoginRecipes: "getRecipes: falling back to a synchronous message for:" "https://meralda.scalenext.io"
JavaScript error: resource://gre/modules/LoginManagerParent.jsm, line 136: TypeError: gRecipeManager is null
console.warn: LoginRecipes: "getRecipes: falling back to a synchronous message for:" "https://meralda.scalenextJ.avaScript error: resource://gre/modules/LoginManagerParent.jsm, line 136: TypeEio"
rror: gRecipeManager is null
]]></system-err>
  </testcase>
  <testcase name="openLoginPage" classname="testClasses.LoginTest" time="10.326"/>
  <testcase name="fillCredentials" classname="testClasses.LoginTest" time="2.246">
    <failure message="expected [MERALDA || HOME] but found [Meralda || Login]" type="java.lang.AssertionError">java.lang.AssertionError: expected [MERALDA || HOME] but found [Meralda || Login]
	at testClasses.LoginTest.fillCredentials(LoginTest.java:83)
</failure>
    <system-out><![CDATA[fillCredentials
]]></system-out>
    <system-err><![CDATA[JavaScript error: https://meralda.scalenext.io/js/main.js, line 3: TypeError: $(...).niceNumber is not a function
console.warn: LoginRecipes: "getRecipes: falling back to a synchronous message for:" "https://meralda.scalenext.io"
console.warn: LoginRecipes: "getRecipes: falling back to a synchronous message for:" "https://meralda.scalenext.io"
JavaScript error: resource://gre/modules/LoginManagerParent.jsm, line 136: TypeError: gRecipeManager is null
console.warn: LoginRecipes: "getRecipes: falling back to a synchronous message for:" "https://meralda.scalenext.io"
JavaScript error: resource://gre/modules/LoginManagerParent.jsm, line 136: TypeError: gRecipeManager is null
]]></system-err>
  </testcase>
  <testcase name="fillCredentials" classname="testClasses.LoginTest" time="2.442">
    <failure message="expected [MERALDA || HOME] but found [Meralda || Login]" type="java.lang.AssertionError">java.lang.AssertionError: expected [MERALDA || HOME] but found [Meralda || Login]
	at testClasses.LoginTest.fillCredentials(LoginTest.java:83)
</failure>
    <system-out><![CDATA[fillCredentials
]]></system-out>
    <system-err><![CDATA[JavaScript error: https://meralda.scalenext.io/js/main.js, line 3: TypeError: $(...).niceNumber is not a function
console.warn: LoginRecipes: "getRecipes: falling back to a synchronous message for:" "https://meralda.scalJenext.io"
avaScript error: resource://gre/modules/LoginManagerParent.jsm, line 136: TypeError: gRecipeManager is null
console.warn: LoginRecipes: "getRecipes: falling back to a synchronous message for:" "https://meralda.scalenext.io"
JavaScript error: resource://gre/modules/LoginManagerParent.jsm, line 136: TypeError: gRecipeManager is null
console.warn: LoginRecipes: "getRecipes: falling back to a synchronous message for:" "https://meralda.scalenext.io"
JavaScript error: resource://gre/modules/LoginManagerParent.jsm, line 136: TypeError: gRecipeManager is null
]]></system-err>
  </testcase>
  <testcase name="fillCredentials" classname="testClasses.LoginTest" time="2.128">
    <failure message="expected [MERALDA || HOME] but found [Meralda || Login]" type="java.lang.AssertionError">java.lang.AssertionError: expected [MERALDA || HOME] but found [Meralda || Login]
	at testClasses.LoginTest.fillCredentials(LoginTest.java:83)
</failure>
    <system-out><![CDATA[fillCredentials
]]></system-out>
    <system-err><![CDATA[JavaScript error: https://meralda.scalenext.io/js/main.js, line 3: TypeError: $(...).niceNumber is not a function
console.warn: LoginRecipes: "getRecipes: falling back to a synchronous message for:" "https://meralda.scaJlenext.io"
avaScript error: resource://gre/modules/LoginManagerParent.jsm, line 136: TypeError: gRecipeManager is null
console.warn: LoginRecipes: "getRecipes: falling back to a synchronous message for:" "https://meralda.scalenext.io"
JavaScript error: resource://gre/modules/LoginManagerParent.jsm, line 136: TypeError: gRecipeManager is null
console.warn: LoginRecipes: "getRecipes: falling back to a synchronous messJavaScript error: resource://gre/modules/LoginManagerParent.jsm, line 136: age TypeError: gRecipeManager is null
for:" "https://meralda.scalenext.io"
]]></system-err>
  </testcase>
</testsuite>