<?xml version="1.0" encoding="UTF-8"?>
<testng-results ignored="0" total="4" passed="3" failed="1" skipped="0">
  <reporter-output>
  </reporter-output>
  <suite started-at="2022-06-21T12:21:41 IST" name="Default suite" finished-at="2022-06-21T12:22:50 IST" duration-ms="68852">
    <groups>
    </groups>
    <test started-at="2022-06-21T12:21:41 IST" name="Default test" finished-at="2022-06-21T12:22:50 IST" duration-ms="68852">
      <class name="testClasses.LoginTest">
        <test-method is-config="true" signature="invokeBrowser()[pri:0, instance:testClasses.LoginTest@61d6015a]" started-at="2022-06-21T12:21:41 IST" name="invokeBrowser" finished-at="2022-06-21T12:21:45 IST" duration-ms="4283" status="PASS">
          <reporter-output>
          </reporter-output>
        </test-method> <!-- invokeBrowser -->
        <test-method signature="openLoginPage()[pri:0, instance:testClasses.LoginTest@61d6015a]" started-at="2022-06-21T12:21:45 IST" name="openLoginPage" finished-at="2022-06-21T12:21:59 IST" duration-ms="13385" status="PASS">
          <reporter-output>
          </reporter-output>
        </test-method> <!-- openLoginPage -->
        <test-method signature="fillCredentials(java.lang.String, java.lang.String, java.lang.String)[pri:0, instance:testClasses.LoginTest@61d6015a]" started-at="2022-06-21T12:21:59 IST" name="fillCredentials" data-provider="getDataForLogin" finished-at="2022-06-21T12:22:30 IST" depends-on-methods="testClasses.LoginTest.openLoginPage" duration-ms="30408" status="PASS">
          <params>
            <param index="0">
              <value>
                <![CDATA[fa@g.com]]>
              </value>
            </param>
            <param index="1">
              <value>
                <![CDATA[9404094040]]>
              </value>
            </param>
            <param index="2">
              <value>
                <![CDATA[adminadmin]]>
              </value>
            </param>
          </params>
          <reporter-output>
          </reporter-output>
        </test-method> <!-- fillCredentials -->
        <test-method signature="fillCredentials(java.lang.String, java.lang.String, java.lang.String)[pri:0, instance:testClasses.LoginTest@61d6015a]" started-at="2022-06-21T12:22:30 IST" name="fillCredentials" data-provider="getDataForLogin" finished-at="2022-06-21T12:22:34 IST" depends-on-methods="testClasses.LoginTest.openLoginPage" duration-ms="4373" status="FAIL">
          <params>
            <param index="0">
              <value>
                <![CDATA[asr]]>
              </value>
            </param>
            <param index="1">
              <value>
                <![CDATA[9999999999]]>
              </value>
            </param>
            <param index="2">
              <value>
                <![CDATA[ganeshw]]>
              </value>
            </param>
          </params>
          <exception class="java.lang.AssertionError">
            <message>
              <![CDATA[expected [MERALDA || HOME] but found [Meralda || Login]]]>
            </message>
            <full-stacktrace>
              <![CDATA[java.lang.AssertionError: expected [MERALDA || HOME] but found [Meralda || Login]
at org.testng.Assert.fail(Assert.java:97)
at org.testng.Assert.assertEqualsImpl(Assert.java:136)
at org.testng.Assert.assertEquals(Assert.java:118)
at org.testng.Assert.assertEquals(Assert.java:575)
at org.testng.Assert.assertEquals(Assert.java:585)
at testClasses.LoginTest.fillCredentials(LoginTest.java:84)
at java.base/jdk.internal.reflect.NativeMethodAccessorImpl.invoke0(Native Method)
at java.base/jdk.internal.reflect.NativeMethodAccessorImpl.invoke(NativeMethodAccessorImpl.java:77)
at java.base/jdk.internal.reflect.DelegatingMethodAccessorImpl.invoke(DelegatingMethodAccessorImpl.java:43)
at java.base/java.lang.reflect.Method.invoke(Method.java:568)
at org.testng.internal.MethodInvocationHelper.invokeMethod(MethodInvocationHelper.java:134)
at org.testng.internal.TestInvoker.invokeMethod(TestInvoker.java:597)
at org.testng.internal.TestInvoker.invokeTestMethod(TestInvoker.java:173)
at org.testng.internal.MethodRunner.runInSequence(MethodRunner.java:46)
at org.testng.internal.TestInvoker$MethodInvocationAgent.invoke(TestInvoker.java:816)
at org.testng.internal.TestInvoker.invokeTestMethods(TestInvoker.java:146)
at org.testng.internal.TestMethodWorker.invokeTestMethods(TestMethodWorker.java:146)
at org.testng.internal.TestMethodWorker.run(TestMethodWorker.java:128)
at java.base/java.util.ArrayList.forEach(ArrayList.java:1511)
at org.testng.TestRunner.privateRun(TestRunner.java:766)
at org.testng.TestRunner.run(TestRunner.java:587)
at org.testng.SuiteRunner.runTest(SuiteRunner.java:384)
at org.testng.SuiteRunner.runSequentially(SuiteRunner.java:378)
at org.testng.SuiteRunner.privateRun(SuiteRunner.java:337)
at org.testng.SuiteRunner.run(SuiteRunner.java:286)
at org.testng.SuiteRunnerWorker.runSuite(SuiteRunnerWorker.java:53)
at org.testng.SuiteRunnerWorker.run(SuiteRunnerWorker.java:96)
at org.testng.TestNG.runSuitesSequentially(TestNG.java:1187)
at org.testng.TestNG.runSuitesLocally(TestNG.java:1109)
at org.testng.TestNG.runSuites(TestNG.java:1039)
at org.testng.TestNG.run(TestNG.java:1007)
at org.testng.remote.AbstractRemoteTestNG.run(AbstractRemoteTestNG.java:115)
at org.testng.remote.RemoteTestNG.initAndRun(RemoteTestNG.java:251)
at org.testng.remote.RemoteTestNG.main(RemoteTestNG.java:77)
]]>
            </full-stacktrace>
          </exception> <!-- java.lang.AssertionError -->
          <reporter-output>
          </reporter-output>
        </test-method> <!-- fillCredentials -->
        <test-method signature="fillCredentials(java.lang.String, java.lang.String, java.lang.String)[pri:0, instance:testClasses.LoginTest@61d6015a]" started-at="2022-06-21T12:22:34 IST" name="fillCredentials" data-provider="getDataForLogin" finished-at="2022-06-21T12:22:37 IST" depends-on-methods="testClasses.LoginTest.openLoginPage" duration-ms="3134" status="PASS">
          <params>
            <param index="0">
              <value>
                <![CDATA[g@g.com]]>
              </value>
            </param>
            <param index="1">
              <value>
                <![CDATA[9090909909]]>
              </value>
            </param>
            <param index="2">
              <value>
                <![CDATA[testanon]]>
              </value>
            </param>
          </params>
          <reporter-output>
          </reporter-output>
        </test-method> <!-- fillCredentials -->
        <test-method is-config="true" signature="closeTab()[pri:0, instance:testClasses.LoginTest@61d6015a]" started-at="2022-06-21T12:22:37 IST" name="closeTab" finished-at="2022-06-21T12:22:50 IST" duration-ms="12322" status="PASS">
          <reporter-output>
          </reporter-output>
        </test-method> <!-- closeTab -->
      </class> <!-- testClasses.LoginTest -->
    </test> <!-- Default test -->
  </suite> <!-- Default suite -->
</testng-results>
